21
 energy: -39.597840383619 gnorm: 0.166642399954 xtb: 6.6.0 (conda-forge)
C            3.71070000000000       -0.10780000000000       -0.14120000000000
C            2.37040000000000        0.16150000000000        0.45300000000000
O            2.28870000000000        0.54910000000000        1.65000000000000
O            1.22060000000000       -0.12630000000000       -0.29360000000000
C           -0.08250000000000        0.28740000000000        0.02870000000000
C           -0.30870000000000        1.51260000000000        0.68650000000000
C           -1.60550000000000        1.92580000000000        0.99220000000000
C           -2.69320000000000        1.13100000000000        0.63810000000000
C           -2.48970000000000       -0.07650000000000       -0.03150000000000
C           -1.18940000000000       -0.51310000000000       -0.35050000000000
C           -1.01880000000000       -1.80500000000000       -1.06530000000000
O            0.12830000000000       -2.24390000000000       -1.34850000000000
O           -2.13550000000000       -2.55240000000000       -1.43240000000000
H            4.03100000000000       -1.13760000000000        0.12050000000000
H            4.45480000000000        0.61860000000000        0.24840000000000
H            3.66030000000000       -0.01120000000000       -1.24600000000000
H            0.51470000000000        2.16690000000000        0.93830000000000
H           -1.76770000000000        2.86950000000000        1.49710000000000
H           -3.69840000000000        1.45500000000000        0.87530000000000
H           -3.35560000000000       -0.66860000000000       -0.29980000000000
H           -2.03440000000000       -3.43490000000000       -1.91950000000000
21
 energy: -39.620171521312 gnorm: 0.058405700554 xtb: 6.6.0 (conda-forge)
C            3.66222793636867       -0.10682635645954       -0.15649131188266
C            2.33314726778984        0.15511798248666        0.48090434422262
O            2.24176532889629        0.56012671327733        1.62418555381967
O            1.22751411814541       -0.11243523892815       -0.29141662090226
C           -0.06733633657977        0.27708243353556        0.03809596003850
C           -0.30317796375756        1.49666665712384        0.67767213111038
C           -1.59343146843021        1.90859446950451        0.97681797268298
C           -2.67643724591403        1.11670167875445        0.62851390284653
C           -2.46507277155775       -0.08013627914804       -0.03702620185885
C           -1.17037386664053       -0.52254179335680       -0.34801968195673
C           -0.98470651618941       -1.80678247441875       -1.06276282921470
O            0.10827607752092       -2.25926083278353       -1.35350571598700
O           -2.12031052045790       -2.48725767940865       -1.39653879034696
H            3.99664605970850       -1.11522038947540        0.10705076996775
H            4.39829963891151        0.59794791040157        0.24440877194329
H            3.63259043663611       -0.02528333978792       -1.24621245131302
H            0.52324493537812        2.13791749703543        0.94403702033226
H           -1.75372009803361        2.84972407942634        1.48509289615365
H           -3.68125748140640        1.43774070592872        0.86769911006009
H           -3.32075171991966       -0.67967831671219       -0.31213505001448
H           -1.98703581046853       -3.34209742699544       -1.87056977970103
21
 energy: -39.626269219823 gnorm: 0.022288842993 xtb: 6.6.0 (conda-forge)
C            3.61085967750447       -0.11545484490771       -0.16969176596560
C            2.29489634368586        0.17781762764142        0.49652589005190
O            2.19642686439837        0.54877731889793        1.62632499349691
O            1.23417741555820       -0.08755409039648       -0.30548191890197
C           -0.05193134489922        0.27936402362774        0.03779469877791
C           -0.29333674741199        1.48895152719348        0.67775655630741
C           -1.58141867409879        1.89539098020967        0.97225982139142
C           -2.65980559022153        1.10306258867698        0.61935372636859
C           -2.43752648048822       -0.08920985967795       -0.04003376435150
C           -1.14599904257447       -0.52547928427507       -0.34439590018986
C           -0.94176563829729       -1.80722064805359       -1.05766310991701
O            0.11955850408126       -2.27718764639057       -1.35567075364233
O           -2.10113345196542       -2.42738412297003       -1.35820009228944
H            3.93023283789832       -1.12281359093545        0.09018655571083
H            4.34911081986172        0.57438143793540        0.23461977429387
H            3.56462147177804       -0.03337065455053       -1.24825397949936
H            0.53632553264956        2.12123623223762        0.95089974530850
H           -1.74135340634907        2.83895907099683        1.47308630466391
H           -3.66592557568314        1.41931385220596        0.85271570716632
H           -3.27849022568107       -0.70120034159802       -0.32947559398194
H           -1.93742328974558       -3.26027957586763       -1.82285689479853
21
 energy: -39.627259371049 gnorm: 0.009097064848 xtb: 6.6.0 (conda-forge)
C            3.58542904822609       -0.12762004116836       -0.17399885060483
C            2.27749236622876        0.15707716450647        0.51186181994626
O            2.17336394885220        0.55486676566756        1.63839050825323
O            1.23255201351496       -0.07476619117018       -0.31513164193614
C           -0.04620206384547        0.29716020526620        0.03008485351684
C           -0.28835495671937        1.50038481832022        0.67967129768923
C           -1.57904271698762        1.89706058415292        0.97374264827219
C           -2.65251894493292        1.09892507710391        0.61569844272576
C           -2.42299805274270       -0.09120768538747       -0.04408366340510
C           -1.12994297170148       -0.51479310178722       -0.34723025720229
C           -0.91803585796452       -1.79961141693431       -1.05361844243092
O            0.14136456113126       -2.28224902713026       -1.35295695449990
O           -2.08256774117904       -2.40897316072500       -1.34574976120152
H            3.89521839174888       -1.13926773624274        0.07862609635212
H            4.33176963505111        0.56147869951765        0.21493010055372
H            3.50296117943132       -0.04500187545523       -1.25164271684728
H            0.54163061052813        2.12920829214747        0.95944012199686
H           -1.74243470118296        2.83684927997792        1.47867910773916
H           -3.66082770592795        1.40696560216232        0.84630094296119
H           -3.25359974783374       -0.71564959753356       -0.33576461675133
H           -1.90515629369492       -3.24073665528834       -1.80744903512720
21
 energy: -39.627713746076 gnorm: 0.006398483477 xtb: 6.6.0 (conda-forge)
C            3.56776667710508       -0.14780144975713       -0.17923838584607
C            2.27005455062456        0.17030849739961        0.50940850486787
O            2.16593343631339        0.53703079559698        1.64896253239088
O            1.23137333796617       -0.04375402393606       -0.32516919424547
C           -0.04521635980904        0.31811141449239        0.03198781309741
C           -0.29174920572022        1.51905629595605        0.68450707853850
C           -1.58654818094680        1.90324017100653        0.97698569878157
C           -2.65312397753297        1.09679282454815        0.61394511867363
C           -2.41568723419409       -0.09194996529200       -0.04593104986538
C           -1.11816219395548       -0.50288994568557       -0.34554279399888
C           -0.89676079785818       -1.78919489407795       -1.04779228958190
O            0.16603604707585       -2.27541650875735       -1.33770123819806
O           -2.05520081803659       -2.40553544362120       -1.34246592547654
H            3.85063260079432       -1.17129167846646        0.06079900784661
H            4.33782919297438        0.52252184523819        0.19767009516781
H            3.45780097694478       -0.05758630811174       -1.25555516616133
H            0.53584585887312        2.15010444291003        0.96513213585563
H           -1.75654467454400        2.83899804306494        1.48641536354775
H           -3.66420721344071        1.39603421371922        0.84156529510042
H           -3.23729474675581       -0.72678221354247       -0.33911909183559
H           -1.86267727587776       -3.23989611268419       -1.79906350865879
21
 energy: -39.627999136033 gnorm: 0.005738462717 xtb: 6.6.0 (conda-forge)
C            3.55758372883975       -0.16977769983041       -0.18531644596890
C            2.26811669016059        0.16723339538609        0.50876099289340
O            2.16626366955143        0.52542170066810        1.65088473042073
O            1.22904621485040       -0.01519290935524       -0.33173165029571
C           -0.04800592216373        0.34026413716288        0.03093199934859
C           -0.29962649084973        1.53827640110728        0.68783766507734
C           -1.59820580514460        1.90974388049961        0.98194709181675
C           -2.65853212369488        1.09599390435885        0.61550510925728
C           -2.41489479855130       -0.09147676152197       -0.04472479326668
C           -1.11279284747162       -0.49073653131074       -0.34459039353236
C           -0.87871892213027       -1.77981986049864       -1.03882702950210
O            0.19038896806698       -2.25793381622128       -1.31875305009168
O           -2.02686205407341       -2.40827801813444       -1.34648491760716
H            3.82241781668029       -1.19952030863183        0.04881287371234
H            4.34666729662662        0.48494946474271        0.17895749373179
H            3.43185062817561       -0.07642561029046       -1.26012288902757
H            0.52513171906159        2.17313813481542        0.96788820473599
H           -1.77589430292203        2.84280004088149        1.49400284223519
H           -3.67194607184592        1.38827028106342        0.84164499287894
H           -3.23027784670522       -0.73361028256739       -0.33733239225058
H           -1.82160954646053       -3.24321954232346       -1.79949043456550
21
 energy: -39.628267223899 gnorm: 0.004414388062 xtb: 6.6.0 (conda-forge)
C            3.54708894215721       -0.19901643971894       -0.19531179114162
C            2.26807727132085        0.16548128133622        0.50416893516837
O            2.16912341771234        0.51331897512940        1.64855561648283
O            1.22696768597928        0.02403936955731       -0.34227193925487
C           -0.05237720237104        0.36633064140024        0.02972710850897
C           -0.31228784446374        1.56037038831243        0.69096493095207
C           -1.61504277886580        1.91694614389623        0.98750745358686
C           -2.66757059185606        1.09409661076708        0.61911645627482
C           -2.41562406040941       -0.09142963806140       -0.04167853131800
C           -1.10851397407413       -0.47673503560122       -0.34328328494145
C           -0.85535472661024       -1.76385866602265       -1.03409961076808
O            0.22387938220642       -2.23549225724692       -1.28818344043128
O           -1.99222659290927       -2.40871981641423       -1.35485697103276
H            3.78958056827981       -1.23385951558067        0.03914081571013
H            4.35523719072359        0.43582313330070        0.15916222098381
H            3.41712453258989       -0.10527749959364       -1.26847417206975
H            0.50856026597059        2.20095244038293        0.97008664644180
H           -1.80351255117224        2.84626658784956        1.50343575331157
H           -3.68357728155604        1.37770425711582        0.84631661076262
H           -3.22477981264859       -0.74134127248158       -0.33270995832806
H           -1.77467184000338       -3.24549968832669       -1.79751284889783
21
 energy: -39.628435614474 gnorm: 0.004499594014 xtb: 6.6.0 (conda-forge)
C            3.53425036925106       -0.23154240374615       -0.20732366714321
C            2.26639371780072        0.16715723775910        0.49473070017435
O            2.17033406963607        0.50019357161354        1.64296132785711
O            1.22500328029430        0.07033990532876       -0.35947587223856
C           -0.05642512047445        0.39610912459324        0.02361232126129
C           -0.32666502455206        1.58369763550455        0.69168274465533
C           -1.63306168580546        1.92380207487529        0.99331320925678
C           -2.67711299872633        1.09065429266924        0.62436182169034
C           -2.41462871434186       -0.09203463147350       -0.03751874432312
C           -1.10362290249820       -0.46217988969258       -0.34173151457241
C           -0.82752723660373       -1.75286949633036       -1.01590973392736
O            0.26087328845118       -2.21111272697038       -1.25353886769164
O           -1.95391636592825       -2.40471832573556       -1.36379627952785
H            3.74786164033111       -1.27229493983314        0.03147785200473
H            4.36089182363583        0.37997104177409        0.14432634721906
H            3.40759286319383       -0.13836714002808       -1.27996182879862
H            0.48936036469928        2.23071909142050        0.97121065065258
H           -1.83358339227669        2.84898679598283        1.51287140908781
H           -3.69576438528272        1.36430678735383        0.85401048833166
H           -3.21745770673748       -0.75117856422410       -0.32544978505872
H           -1.72269588406607       -3.23953944084113       -1.80005257890939
21
 energy: -39.628516846872 gnorm: 0.003820360261 xtb: 6.6.0 (conda-forge)
C            3.52332695219792       -0.25433194334442       -0.21530225012474
C            2.26299201482418        0.16781879417117        0.48602875255716
O            2.16907293505844        0.49248763343536        1.63643682530231
O            1.22326877703230        0.10293044240375       -0.37351141439176
C           -0.05820668789373        0.41714840500543        0.01842085900942
C           -0.33619927261572        1.59976728886811        0.69104335424629
C           -1.64452196396277        1.92786766747368        0.99808092967274
C           -2.68265824788396        1.08722299726624        0.62922970478409
C           -2.41168206849025       -0.09258229441929       -0.03458958511095
C           -1.09920303343259       -0.45065870926072       -0.34296435326920
C           -0.80801248417020       -1.73790311931410       -1.01550678453296
O            0.28583502416426       -2.19854294466686       -1.22366489810317
O           -1.92654364226189       -2.39821448701601       -1.37165685538605
H            3.71393783452271       -1.29905878693926        0.02803212974230
H            4.36171301003905        0.34018137138881        0.13805787335708
H            3.40092603631522       -0.16215145984321       -1.28874607230454
H            0.47567108122005        2.25230283065227        0.97039217445850
H           -1.85292159558717        2.84903752919806        1.52162390665285
H           -3.70294718467604        1.35255227582214        0.86200131073987
H           -3.21004519131455       -0.75880702626124       -0.31982165874476
H           -1.68370229308517       -3.23696646461995       -1.79378394855430
21
 energy: -39.628551544033 gnorm: 0.002077183431 xtb: 6.6.0 (conda-forge)
C            3.51703123193191       -0.26526090660519       -0.21776721455616
C            2.25956608113251        0.16942413349320        0.47918593698838
O            2.16569871573085        0.49023641668089        1.63082058174647
O            1.22254730769402        0.11897440824321       -0.38256028183536
C           -0.05813218687853        0.42843854487335        0.01309952214130
C           -0.34016690629541        1.60835059759168        0.68781150851403
C           -1.64898013415351        1.92968910543869        0.99974197221385
C           -2.68419144967043        1.08449351507376        0.63290043456018
C           -2.40856710470230       -0.09361367333030       -0.03226040922001
C           -1.09605880166074       -0.44499979703324       -0.34418664872538
C           -0.79883377342015       -1.73346908756705       -1.01090714898796
O            0.29593924247983       -2.19494922354238       -1.20833191424959
O           -1.91387643302570       -2.39304327629021       -1.37703808143451
H            3.69423443281244       -1.31159990053601        0.02728604232513
H            4.35974222401928        0.31952306738471        0.14040339459277
H            3.40142920665263       -0.17248811908960       -1.29207420261026
H            0.46888904500826        2.26473005875752        0.96642801609213
H           -1.86041246557663        2.84810645959303        1.52638204722750
H           -3.70496217932923        1.34419478451178        0.86925290378554
H           -3.20486220055076       -0.76384212724738       -0.31467495405136
H           -1.66593385219824       -3.23279498040050       -1.79371150451648
21
 energy: -39.628576731625 gnorm: 0.001618162185 xtb: 6.6.0 (conda-forge)
C            3.51156862424533       -0.27513849262738       -0.21807040659534
C            2.25535806379588        0.17164142517821        0.47140114081110
O            2.15994064789028        0.48917777964132        1.62440744768103
O            1.22226617329370        0.13527616392677       -0.39397761711532
C           -0.05776940739902        0.44013403255406        0.00560262281546
C           -0.34342413525512        1.61768709288065        0.68184434354712
C           -1.65252280802382        1.93127196540821        1.00096355798906
C           -2.68485156064328        1.08066871051976        0.63845033509243
C           -2.40511833403473       -0.09555143005181       -0.02874757671131
C           -1.09263762140334       -0.43945138659903       -0.34619107222095
C           -0.79112676922930       -1.73013723495729       -1.00642908252577
O            0.30452518377515       -2.19580341715414       -1.18939603253888
O           -1.90322753902209       -2.38647278391153       -1.38577542509087
H            3.67325156405139       -1.32419027468985        0.02519544126962
H            4.35884083186782        0.29799642955703        0.14845632181329
H            3.40562661302930       -0.17854134654980       -1.29341219452643
H            0.46252004465723        2.27914378751595        0.95752409529463
H           -1.86603645269711        2.84731135064736        1.53029791976128
H           -3.70579038866251        1.33360144070113        0.88034204300258
H           -3.19940846577376       -0.77028674178752       -0.30655313190323
H           -1.65188426446189       -3.22823707020209       -1.79613272984926
21
 energy: -39.628603682663 gnorm: 0.002709284775 xtb: 6.6.0 (conda-forge)
C            3.50683325458028       -0.28399830915006       -0.21517516413074
C            2.24930187631254        0.17410558998998        0.46269779773625
O            2.14928568648921        0.49152398416573        1.61572249631859
O            1.22279033657478        0.15117934355000       -0.40886373152448
C           -0.05710537646013        0.45176601607101       -0.00531775475779
C           -0.34564509758113        1.62863430806278        0.66964707694729
C           -1.65432987073653        1.93311555547807        1.00009472380589
C           -2.68370482970985        1.07492086291856        0.64769000852545
C           -2.40086738235925       -0.09998276912949       -0.02098034395685
C           -1.08886058986384       -0.43530736234642       -0.34753971165994
C           -0.78530534895948       -1.72878085557597       -1.00154120928433
O            0.30999883053183       -2.20278991996639       -1.16389845667900
O           -1.89476120877152       -2.37643089345490       -1.40141909704841
H            3.64910674628392       -1.33726283249216        0.02028287080561
H            4.35739437135228        0.27350461971590        0.16771141425004
H            3.41686141401496       -0.17671065451131       -1.29158462173741
H            0.45694252232871        2.29722261084542        0.93791153417266
H           -1.86836670830961        2.84737298258959        1.53178959728559
H           -3.70419099866060        1.31918510669150        0.89905509349018
H           -3.19308983762455       -0.78010500458171       -0.29145177894261
H           -1.64218778943191       -3.22106237887015       -1.80503074361577
21
 energy: -39.628627875588 gnorm: 0.002727398346 xtb: 6.6.0 (conda-forge)
C            3.50574236165548       -0.28647616930210       -0.21225185482348
C            2.24605789606687        0.17539906447223        0.45958460260778
O            2.14206931372364        0.49262275501041        1.61247472972759
O            1.22341764953302        0.15715105499617       -0.41676829341785
C           -0.05729848496799        0.45583723418837       -0.01157585686161
C           -0.34617787525645        1.63420605789909        0.66040709344981
C           -1.65412066235551        1.93459926450658        0.99784544761868
C           -2.68219409981789        1.07158108446267        0.65408060078576
C           -2.39920142010691       -0.10361044441046       -0.01418576547322
C           -1.08761655123931       -0.43524333955524       -0.34662347102162
C           -0.78387937156821       -1.72991497088888       -0.99873907640248
O            0.31084740554002       -2.21017489918834       -1.14705899652628
O           -1.89226334661540       -2.36991411782405       -1.41369083599276
H            3.63682573120324       -1.34346233284620        0.01346115284506
H            4.35763262648120        0.26049492015000        0.18335116707978
H            3.42591676828428       -0.16798280988171       -1.28841395687811
H            0.45539516270607        2.30682574220894        0.92158246506201
H           -1.86774837340519        2.84962655207124        1.52844919912922
H           -3.70204388524266        1.31180812932016        0.91162002808379
H           -3.19037314121169       -0.78726355521119       -0.27865682830205
H           -1.64088770340652       -3.21600922017771       -1.81509155068980
21
 energy: -39.628676273121 gnorm: 0.003545625286 xtb: 6.6.0 (conda-forge)
C            3.50515742584953       -0.28704293970140       -0.20246745000090
C            2.23760278642172        0.17694926078253        0.45463878684960
O            2.12156310461990        0.49634444170399        1.60553180631498
O            1.22499231986593        0.16284180750840       -0.43351659820660
C           -0.05813421768264        0.46011962057188       -0.02681785961902
C           -0.34548754725682        1.64613396787247        0.63237904319980
C           -1.65037543166258        1.93945156518223        0.98762031984814
C           -2.67624029542313        1.06322473397075        0.67182155178125
C           -2.39548066665546       -0.11517358204333        0.00811027366042
C           -1.08593064124479       -0.43992629638332       -0.34077778173703
C           -0.78425111360833       -1.73687184483350       -0.99096906210463
O            0.30683663541808       -2.23571355795097       -1.10211859197390
O           -1.89052399552408       -2.35117178473150       -1.45021996269230
H            3.60904487812129       -1.35439885435668       -0.01077020302536
H            4.35713621159783        0.23085568902626        0.23282784513060
H            3.45414422174930       -0.13062876840852       -1.27672057668987
H            0.45508736705101        2.32847879116294        0.87150108281955
H           -1.86146105729717        2.85894717843998        1.51197946129307
H           -3.69359682743827        1.29520228182884        0.94647207775788
H           -3.18470853360810       -0.80755103972998       -0.23870873665430
H           -1.64527462329312       -3.19997066991109       -1.84999542595112
21
 energy: -39.628695200725 gnorm: 0.002308252811 xtb: 6.6.0 (conda-forge)
C            3.50730965462831       -0.28217958156702       -0.19926649513678
C            2.23676192433362        0.17549436388720        0.45696277344508
O            2.11774115711017        0.49485763593792        1.60745095071759
O            1.22498335608393        0.15602735363315       -0.43312585402723
C           -0.05869944600639        0.45555794785784       -0.02803765396516
C           -0.34398405695794        1.64508546139034        0.62628021662059
C           -1.64757756835791        1.94072203470989        0.98304841273218
C           -2.67401690788108        1.06283748674961        0.67462984262503
C           -2.39579429448893       -0.11791523064267        0.01423942974715
C           -1.08727027670445       -0.44422878500364       -0.33757306196185
C           -0.78782765621211       -1.74062331951203       -0.99020151476241
O            0.30056609752490       -2.24311048148107       -1.09819805717819
O           -1.89373386854615       -2.34828583644657       -1.45640316920824
H            3.61059839990544       -1.35096613568690       -0.02018052974965
H            4.35617552077955        0.23075298055118        0.24508782161536
H            3.46176125902119       -0.11382285005738       -1.27109542698444
H            0.45780279240997        2.32772609648567        0.85962172453258
H           -1.85748557909944        2.86336275168317        1.50260042290689
H           -3.69022518492524        1.29625146731193        0.95187324542145
H           -3.18542733078334       -0.81125813248518       -0.22790649913489
H           -1.65155799183401       -3.19618522731544       -1.86000657825479
21
 energy: -39.628716494277 gnorm: 0.002424841389 xtb: 6.6.0 (conda-forge)
C            3.50745380853676       -0.28073905237661       -0.19791293646576
C            2.23502475409115        0.17441083550833        0.45726757026240
O            2.11220467422345        0.48916043355587        1.60828600384333
O            1.22408299407726        0.15558250756950       -0.43593017142626
C           -0.06013118185413        0.45485289501921       -0.03055259381786
C           -0.34480926886920        1.64871080115221        0.61670243092921
C           -1.64732454400423        1.94463361239701        0.97639136461339
C           -2.67271597907845        1.06138373342729        0.67982928789090
C           -2.39550667131797       -0.12233484446233        0.02444595636157
C           -1.08794850059587       -0.44760690616872       -0.33224053858977
C           -0.78677196157839       -1.74416807828990       -0.98438637865660
O            0.29999880265836       -2.25606167791226       -1.07383010582743
O           -1.89013972984446       -2.33932689370946       -1.47259556340446
H            3.59922161656848       -1.35504259703180       -0.04134657744685
H            4.35772800080501        0.21457691734146        0.26378044150811
H            3.47189150577119       -0.08919909040726       -1.26549824158872
H            0.45775095726598        2.33316051572834        0.84136456560274
H           -1.85869318674515        2.87092165000647        1.48924993861213
H           -3.68773326644251        1.29453712676254        0.96237805648161
H           -3.18436685138978       -0.81996347857703       -0.20824900496597
H           -1.64911597227740       -3.18738840953288       -1.87735350391543
21
 energy: -39.628735490283 gnorm: 0.001975305216 xtb: 6.6.0 (conda-forge)
C            3.50744071782930       -0.27911330408345       -0.20091620635826
C            2.23650212778509        0.17240505226606        0.45925972373301
O            2.11441644581243        0.48323796622199        1.61093436217994
O            1.22269115914000        0.15260208613196       -0.43159574035688
C           -0.06071635487125        0.45229581293822       -0.02607277154914
C           -0.34567377182806        1.64830939362480        0.61726972152464
C           -1.64855323015403        1.94697201057425        0.97277142687031
C           -2.67366658381183        1.06278126817505        0.67820404062471
C           -2.39617229688935       -0.12366605401175        0.02805131494656
C           -1.08871548964889       -0.45028343936436       -0.32672913985794
C           -0.78566356705259       -1.74600291063419       -0.97933040168891
O            0.30010463759455       -2.25975082189591       -1.06420999776024
O           -1.88664894682317       -2.33681313282751       -1.47625068790207
H            3.59498906573091       -1.35570032150933       -0.05740202824720
H            4.35965481764932        0.20580085968057        0.26729163223932
H            3.47298109737363       -0.07413644692963       -1.26511337475287
H            0.45776123378789        2.33168957275973        0.84114153974129
H           -1.86241580866647        2.87539608133548        1.48064742926164
H           -3.68863224293084        1.29894911314074        0.95853491019525
H           -3.18502472219317       -0.82150269020654       -0.20310018657696
H           -1.64455828783336       -3.18337009538620       -1.88358556626591
21
 energy: -39.628758836845 gnorm: 0.004037477243 xtb: 6.6.0 (conda-forge)
C            3.50520368602858       -0.27771696498334       -0.20760779136971
C            2.23760625639262        0.16743536332471        0.46094462192068
O            2.11548592852104        0.46980322027498        1.61447214872096
O            1.22025323038272        0.15137613871318       -0.42730621054485
C           -0.06098590993411        0.45039154899479       -0.01870810254844
C           -0.34777875641997        1.65204997659986        0.61333739211659
C           -1.65165261684699        1.95319584346843        0.96320978511575
C           -2.67523409369619        1.06360823876655        0.67755810681697
C           -2.39558832360530       -0.12957179950693        0.04063743950217
C           -1.08812688882852       -0.45611404811719       -0.31183381447168
C           -0.78150976983113       -1.75200606359529       -0.96160883077533
O            0.30096300435257       -2.27750745742395       -1.01885913984409
O           -1.87530571668999       -2.32431224277164       -1.49676439061387
H            3.56994722183755       -1.36295073927639       -0.10892580999440
H            4.36252531819785        0.17003500691957        0.29060175498806
H            3.48430705827582       -0.02553889445066       -1.26427528339616
H            0.45591974260874        2.33773747144849        0.83068811068127
H           -1.87058738857554        2.88717545490224        1.45822811939958
H           -3.69040098753052        1.30324570622486        0.95484971109417
H           -3.18364617629714       -0.83075221531379       -0.18321456502693
H           -1.63129481834203       -3.16948354419853       -1.90562325177038
21
 energy: -39.628779918179 gnorm: 0.002840507064 xtb: 6.6.0 (conda-forge)
C            3.50395994411367       -0.27877735168162       -0.21288475614310
C            2.24004522463755        0.16521497275678        0.46206036478016
O            2.12240960774755        0.46597505857455        1.61661729262372
O            1.21943036360066        0.15166828428501       -0.42227315722382
C           -0.06038907370112        0.45039974163008       -0.01216365195713
C           -0.34876055237903        1.65047431889205        0.62141905952957
C           -1.65432642861029        1.95299155136612        0.96466723733369
C           -2.67808461144789        1.06615431802654        0.67164562773346
C           -2.39629772293997       -0.12728824992112        0.03618479997712
C           -1.08760065915833       -0.45495352068844       -0.30987847879428
C           -0.77951013140124       -1.75129797651499       -0.95759949753354
O            0.30307908982474       -2.27673204262703       -1.01273174347932
O           -1.87102766404922       -2.32523065976287       -1.49335676120234
H            3.56821830034523       -1.36225173738468       -0.11999140999195
H            4.36243337126746        0.16508561942895        0.28177892896166
H            3.48010010211403       -0.02327141375710       -1.26738599058093
H            0.45437367932483        2.33514098125723        0.84432910482928
H           -1.87453109296007        2.88662566018952        1.45911698231100
H           -3.69472806217178        1.30781483059526        0.94206418272397
H           -3.18443848668593       -0.82730153894315       -0.19137669921019
H           -1.62425519747079       -3.17034084572118       -1.90044143468667
21
 energy: -39.628806873124 gnorm: 0.002288187244 xtb: 6.6.0 (conda-forge)
C            3.50268403786565       -0.28058429227864       -0.21706134738004
C            2.24112896466357        0.16561157318216        0.46073947254064
O            2.12723810810762        0.46475440252905        1.61634546690264
O            1.21940687675572        0.15607421292958       -0.42154393460952
C           -0.05995676717943        0.45282846125944       -0.00886418022488
C           -0.35033602339959        1.65122202103845        0.62607378276173
C           -1.65728931063346        1.95297689628332        0.96554498175581
C           -2.68067513917448        1.06747560785109        0.66744345372249
C           -2.39637289628594       -0.12636804890652        0.03367792221756
C           -1.08627313772829       -0.45358333969610       -0.30766980048459
C           -0.77706171240545       -1.75195119485555       -0.95092652395087
O            0.30384135916503       -2.28040247445115       -0.99625292468935
O           -1.86450242003494       -2.32440316801355       -1.49377249715030
H            3.55424712416575       -1.36642483722303       -0.14313471798046
H            4.36579764248496        0.14751534022951        0.28472415141026
H            3.48332590918160       -0.00947831225420       -1.26773032468633
H            0.45113026546358        2.33672829718576        0.85307256085074
H           -1.87727427209043        2.88613869430076        1.46061338964522
H           -3.69888686081076        1.30902253247597        0.93198282540436
H           -3.18398781654697       -0.82614139117052       -0.19694054544322
H           -1.61608393156368       -3.17091098041591       -1.89652121061154
21
 energy: -39.628842336651 gnorm: 0.004608335353 xtb: 6.6.0 (conda-forge)
C            3.50002437501135       -0.28424406467198       -0.22525083716869
C            2.24179586723581        0.16642928558678        0.45633340335210
O            2.13439909704519        0.46713015729526        1.61215456493092
O            1.21930621242905        0.16326046692009       -0.42235566582988
C           -0.05998977365569        0.45751137346663       -0.00531707981820
C           -0.35341423589916        1.65381417464522        0.63112596168713
C           -1.66217783375109        1.95327464159050        0.96699004006443
C           -2.68462747555862        1.06987265305717        0.66110224355454
C           -2.39639754253630       -0.12400482287105        0.02862671413696
C           -1.08408384232322       -0.45083551330122       -0.30443666022485
C           -0.77244365428522       -1.75594522687676       -0.93432134975763
O            0.30446186423332       -2.29790226803026       -0.94257406574275
O           -1.85063204881747       -2.31842693956427       -1.50561024262068
H            3.52024743966275       -1.37444462796810       -0.20043724096167
H            4.36914044894108        0.10326062387466        0.30154030709185
H            3.49880415252830        0.03160124271654       -1.26600828582876
H            0.44454826693720        2.34165703068131        0.86385274224017
H           -1.88027375616435        2.88512006213511        1.46550721011399
H           -3.70524035276438        1.30940515648467        0.91768857269812
H           -3.18257170281024       -0.82429216154557       -0.20580526699750
H           -1.60077550545827       -3.17214124362485       -1.89300506491919
21
 energy: -39.628865844790 gnorm: 0.001479258250 xtb: 6.6.0 (conda-forge)
C            3.49976859828249       -0.28444507842440       -0.22521544494889
C            2.24173089659344        0.16838517893835        0.45604578182406
O            2.13351603532660        0.46889835208055        1.61192770799479
O            1.21921615421357        0.16318684395505       -0.42357637228795
C           -0.06080416615171        0.45808733883022       -0.00775669446525
C           -0.35348259978629        1.65425515707469        0.62996865775034
C           -1.66179757059037        1.95328103707121        0.96779007633440
C           -2.68408191856711        1.06972014138053        0.66179553479419
C           -2.39671850241157       -0.12335502570571        0.02716477067253
C           -1.08472796803615       -0.45006179403756       -0.30726662762948
C           -0.77173446628382       -1.75503658921559       -0.93614024129998
O            0.30467068297281       -2.29518678503033       -0.94353858597159
O           -1.84995368633201       -2.32085758822091       -1.50428374923835
H            3.51744015037342       -1.37319743892804       -0.20215843334288
H            4.36780278352602        0.09749240553774        0.30409919488711
H            3.50179178009091        0.03397437206127       -1.26358895831737
H            0.44522200525377        2.34105337133499        0.86223891372051
H           -1.88034650371493        2.88432091181906        1.46822202594079
H           -3.70404081706493        1.30892621447259        0.92084129637098
H           -3.18268852836725       -0.82372706137548       -0.20740221122118
H           -1.60068235932686       -3.17561396361838       -1.88936664156635
21
 energy: -39.628880322535 gnorm: 0.002102329461 xtb: 6.6.0 (conda-forge)
C            3.49930955872973       -0.28448174034459       -0.22439999603174
C            2.24087591536886        0.17080852095711        0.45564463731857
O            2.13136053355740        0.47442339685275        1.61042375378230
O            1.21897931124740        0.16271774125380       -0.42616829847165
C           -0.06212080331987        0.45931546432065       -0.01281723134562
C           -0.35304643128045        1.65504353014944        0.62736679387663
C           -1.66040999412614        1.95292066984713        0.96926736944420
C           -2.68275901535705        1.06926497675922        0.66323672363980
C           -2.39733227346304       -0.12189177919616        0.02420331044173
C           -1.08593313940679       -0.44844065598769       -0.31295931432934
C           -0.77071950180081       -1.75471208375697       -0.93778780999216
O            0.30669806542748       -2.29046640876155       -0.94700672963330
O           -1.84937304981586       -2.32609940725754       -1.50056493721210
H            3.50923404471197       -1.37212143678888       -0.20779817698797
H            4.36609129045567        0.08646715899815        0.31227247509654
H            3.50773776238160        0.04184969213566       -1.25870805442062
H            0.44723183569569        2.34005067062385        0.85841923613581
H           -1.87956778761998        2.88200875741341        1.47362737018994
H           -3.70156755488424        1.30783106664179        0.92715403720364
H           -3.18323834095376       -0.82198644606389       -0.21111627698632
H           -1.60135042554778       -3.18240168779582       -1.88248888171793
21
 energy: -39.628889618709 gnorm: 0.001921011633 xtb: 6.6.0 (conda-forge)
C            3.49905432418856       -0.28456229222268       -0.22356717706093
C            2.24065885524983        0.17298888119571        0.45518844054776
O            2.13047559071695        0.47792839675457        1.60945255210746
O            1.21910594796822        0.16335978482889       -0.42724624643413
C           -0.06216506457065        0.45974764610447       -0.01420804577864
C           -0.35275290438230        1.65532325983625        0.62643274418546
C           -1.65980532517249        1.95244247866214        0.96973739143262
C           -2.68220605808682        1.06876882034930        0.66353621074483
C           -2.39725488503822       -0.12159021860294        0.02302635378952
C           -1.08589829362083       -0.44793307635063       -0.31487532725459
C           -0.77014789088321       -1.75420114471411       -0.93958103524585
O            0.30791864681689       -2.28888682651753       -0.94998028953193
O           -1.84995143369927       -2.32854968944496       -1.49751473400100
H            3.50309841810855       -1.37259194452148       -0.21345366259777
H            4.36600592017094        0.07937854013812        0.31816945013546
H            3.51193807865009        0.04796342486609       -1.25600299499653
H            0.44789032404001        2.34013309416715        0.85679615642870
H           -1.87911968239141        2.88064125996959        1.47557484256305
H           -3.70072726860968        1.30696184686904        0.92901559119338
H           -3.18324286810267       -0.82138787577400       -0.21295995011803
H           -1.60277443135245       -3.18583436559310       -1.87774027010841
21
 energy: -39.628900605482 gnorm: 0.005431599259 xtb: 6.6.0 (conda-forge)
C            3.49712902529508       -0.28501050459253       -0.21693612229931
C            2.23892751892606        0.18793304293926        0.45187819253057
O            2.12521231419908        0.50917182724918        1.60102194130769
O            1.22015900156203        0.16722753587076       -0.43472357932966
C           -0.06185777055997        0.46276310821230       -0.02425039273995
C           -0.35067232713737        1.65699427437679        0.61985598255389
C           -1.65569560452100        1.94867172109720        0.97271142163355
C           -2.67850852137890        1.06503026011455        0.66511797599787
C           -2.39627904086629       -0.11997560081129        0.01516444563239
C           -1.08503125839112       -0.44519190063687       -0.32680502985251
C           -0.76785526570999       -1.75378814713985       -0.94661888909976
O            0.31715660223576       -2.27664235116280       -0.97587376037871
O           -1.85531678682265       -2.34759253802283       -1.47141903690907
H            3.45308123494806       -1.37600512550207       -0.26549118049696
H            4.36590693716813        0.01908990658369        0.36632544407045
H            3.54848312756516        0.10087012715509       -1.23349391814460
H            0.45185387998903        2.34103386073325        0.84628662467973
H           -1.87582215800858        2.87133953799141        1.48748125479258
H           -3.69547320587736        1.30092095968144        0.93934464470644
H           -3.18298641452253       -0.81755531105694       -0.22538498549627
H           -1.61231128809260       -3.20918468307988       -1.84439103315796
21
 energy: -39.628929983036 gnorm: 0.002469513088 xtb: 6.6.0 (conda-forge)
C            3.49769646204671       -0.28507021207447       -0.21848552588284
C            2.23970973699360        0.18334741571531        0.45303021302583
O            2.12782668777130        0.50241132220122        1.60308012539777
O            1.21998081530011        0.16551423203029       -0.43173642784728
C           -0.06149498431081        0.46145561469437       -0.02036622274632
C           -0.35136637801621        1.65620225654322        0.62214357623094
C           -1.65719110860629        1.94968425074708        0.97136068842743
C           -2.67986874819224        1.06606750711698        0.66417968457086
C           -2.39631882185869       -0.12084479198963        0.01787692786633
C           -1.08488644831840       -0.44645263808402       -0.32224964425727
C           -0.76893001626342       -1.75388543793126       -0.94478634225928
O            0.31417094807137       -2.28024949400208       -0.97068330748438
O           -1.85461650666328       -2.34204930389815       -1.47746390904255
H            3.46695815088350       -1.37440011180257       -0.25407441625685
H            4.36556299274521        0.03394491222409        0.35320756058700
H            3.53990023066043        0.08746892727433       -1.23837774561467
H            0.45009182578996        2.34101262624638        0.85011158719319
H           -1.87681558920835        2.87431608940584        1.48283968097932
H           -3.69755864044351        1.30264157886182        0.93474128107005
H           -3.18282840389391       -0.81912631929159       -0.22111437450941
H           -1.60992220448703       -3.20188842398729       -1.85343340944747
21
 energy: -39.628945617163 gnorm: 0.001283134030 xtb: 6.6.0 (conda-forge)
C            3.49794424923910       -0.28554261944109       -0.21859570817036
C            2.24067129911225        0.18353195108167        0.45305319220000
O            2.13006942898085        0.50437447186045        1.60287698911566
O            1.22019721371376        0.16480161503480       -0.43037847620290
C           -0.06099803571194        0.46094494597443       -0.01892428889873
C           -0.35189031143146        1.65587398096294        0.62282252584153
C           -1.65817652151167        1.95003511364342        0.97024631949019
C           -2.68060086387633        1.06621853498031        0.66337730344259
C           -2.39597193304728       -0.12163876153737        0.01902580340446
C           -1.08436832281996       -0.44725060439727       -0.32020265962414
C           -0.76950757134272       -1.75404951999365       -0.94424288227718
O            0.31364133997430       -2.27983509781008       -0.97371830081517
O           -1.85547302700006       -2.34228609088671       -1.47507215530694
H            3.46493148032035       -1.37359996228188       -0.26130927121281
H            4.36530720727129        0.02758583251779        0.35529381333502
H            3.54365399254401        0.09216242056586       -1.23592705295462
H            0.44862442426831        2.34148179210813        0.85166609212619
H           -1.87754080358660        2.87573671110204        1.47997171353239
H           -3.69875379796731        1.30286188033898        0.93188951192585
H           -3.18226385784470       -0.82043679035879       -0.21899760530892
H           -1.60939558928415       -3.20086980346413       -1.85305486364167
21
 energy: -39.628990168373 gnorm: 0.002103151475 xtb: 6.6.0 (conda-forge)
C            3.49874486224960       -0.28747875704674       -0.21814500274987
C            2.24460553459443        0.18782058617664        0.45288603303606
O            2.13939844572997        0.52175291834951        1.60009998578206
O            1.22111394263088        0.16173249914748       -0.42566845879471
C           -0.05929085715793        0.45955538671525       -0.01545196434588
C           -0.35375984997519        1.65508454202398        0.62372341661561
C           -1.66156454716937        1.95114707156037        0.96551830810871
C           -2.68296852367833        1.06628857101258        0.66004229047978
C           -2.39462656773252       -0.12446969331039        0.02187543618717
C           -1.08248861076424       -0.44982752821490       -0.31496178528555
C           -0.77082003237136       -1.75471826129779       -0.94346604041288
O            0.31512425246435       -2.27310771003481       -0.99474578024790
O           -1.86029435071189       -2.35060205455399       -1.45574749505589
H            3.43783392156247       -1.37067893326397       -0.31434625618142
H            4.36430280684171       -0.02321936861994        0.38140677544061
H            3.57302738483368        0.13433882020151       -1.21725374291677
H            0.44352423308643        2.34345379098604        0.85541056447182
H           -1.88026580371115        2.88028762052867        1.46959473404852
H           -3.70260266794292        1.30269132212004        0.92249721168303
H           -3.18002399781339       -0.82519892786130       -0.21290711915665
H           -1.60886957496517       -3.20475189461840       -1.84056111070544
21
 energy: -39.629003508044 gnorm: 0.004230692498 xtb: 6.6.0 (conda-forge)
C            3.49883423111908       -0.28829852153572       -0.21765204486125
C            2.24666441080221        0.19311551796862        0.45289856315568
O            2.14420209407368        0.53595506252884        1.59776595723605
O            1.22131182498008        0.15989876063713       -0.42328192712251
C           -0.05899084654893        0.45902725649842       -0.01470159047578
C           -0.35431292121175        1.65495069746341        0.62318654418476
C           -1.66257404706353        1.95146523478582        0.96316056497355
C           -2.68363898166795        1.06608903533332        0.65828868447278
C           -2.39444819703948       -0.12535189911952        0.02175543759190
C           -1.08217214438039       -0.45068071989259       -0.31457853419500
C           -0.77038816118208       -1.75512089383419       -0.94393511703370
O            0.31855454210130       -2.26652624695895       -1.00957026709196
O           -1.86294680955120       -2.35986148003948       -1.44055181644791
H            3.41232409289706       -1.36777313048967       -0.35593961043812
H            4.36336934775061       -0.06481216058637        0.40378719868413
H            3.59620023042852        0.16933063458009       -1.20126722989261
H            0.44232319497727        2.34387822497148        0.85548003149294
H           -1.88146670380860        2.88153635488093        1.46543824253293
H           -3.70361429827739        1.30235072401290        0.91960668892600
H           -3.17955892624191       -0.82653889372056       -0.21264624307639
H           -1.60957193215653       -3.21253355748404       -1.82744353261510
21
 energy: -39.629019605099 gnorm: 0.002119876192 xtb: 6.6.0 (conda-forge)
C            3.49900275523416       -0.28800338852026       -0.21875947289862
C            2.24710698427461        0.19286220408669        0.45376006842285
O            2.14568298173523        0.53590689061279        1.59842853612756
O            1.22079224596360        0.15823461913089       -0.42151478260144
C           -0.05955381195171        0.45829991192374       -0.01348065917527
C           -0.35420949768003        1.65458230415627        0.62380988050827
C           -1.66258454016778        1.95183144758800        0.96279156026181
C           -2.68385350929205        1.06666098474093        0.65786736841854
C           -2.39520032147227       -0.12509610081858        0.02170557844769
C           -1.08302330885378       -0.45094456932484       -0.31426262803248
C           -0.77009074674160       -1.75555971600354       -0.94305528955889
O            0.31899135382958       -2.26630902243954       -1.00828705916414
O           -1.86221369869894       -2.36061293496050       -1.44108429426771
H            3.41192359786892       -1.36561235487219       -0.35804920828343
H            4.36294617276813       -0.06619184763085        0.40194772941203
H            3.59605449622167        0.17058155035669       -1.20004681409156
H            0.44305013198302        2.34276449840630        0.85625295941062
H           -1.88176493489925        2.88229405145621        1.46423873100957
H           -3.70377378326801        1.30354342809712        0.91911330709470
H           -3.18042476741431       -0.82607791177487       -0.21314523994129
H           -1.60875779943912       -3.21305404421060       -1.82843027109844
21
 energy: -39.629041536450 gnorm: 0.001491637882 xtb: 6.6.0 (conda-forge)
C            3.49917228757597       -0.28744731776734       -0.22092660651491
C            2.24933083253174        0.19552601300012        0.45597752667892
O            2.15200102787801        0.54559640891463        1.59853615253310
O            1.21991215590944        0.15291499034671       -0.41584544018070
C           -0.06037890542710        0.45602361640454       -0.01027817585292
C           -0.35410335069168        1.65348555742689        0.62489815730081
C           -1.66294835035773        1.95256829461951        0.96055493990084
C           -2.68449746758251        1.06782215883571        0.65510911272221
C           -2.39665627464673       -0.12487856269082        0.02043375848750
C           -1.08444117722862       -0.45229428796892       -0.31353937446888
C           -0.76903570769577       -1.75682238521920       -0.94161255057871
O            0.32146120652321       -2.26277556343748       -1.01341498971635
O           -1.86232626229293       -2.36840148655594       -1.43156748625020
H            3.39295069856423       -1.35773233754759       -0.39465836848684
H            4.36055728991438       -0.09913062282963        0.41368481690632
H            3.61281668182005        0.20075507656035       -1.18522511632883
H            0.44424156850193        2.34022820796780        0.85787881131429
H           -1.88306172375801        2.88410542324151        1.45962115036788
H           -3.70441980278830        1.30628331064274        0.91535358728948
H           -3.18205459668273       -0.82541173914933       -0.21551803115098
H           -1.60842013006677       -3.22031475479439       -1.81966187397163
21
 energy: -39.629056096095 gnorm: 0.002584869835 xtb: 6.6.0 (conda-forge)
C            3.49909942537759       -0.28571027778434       -0.22328983096395
C            2.25175426847497        0.19866698613192        0.45819321569022
O            2.15847337670262        0.55592561443010        1.59863669607556
O            1.21928526682575        0.14669803700198       -0.40966968527191
C           -0.06072731775274        0.45273491641639       -0.00663558661631
C           -0.35367265653213        1.65163529347956        0.62644271401550
C           -1.66287268532674        1.95275247798943        0.95830526529964
C           -2.68489125202619        1.06918753621104        0.65065527494862
C           -2.39795725722930       -0.12451496089491        0.01766716886646
C           -1.08531726421818       -0.45460317872287       -0.31214655750871
C           -0.76851196441725       -1.75958586531723       -0.93812725435851
O            0.32243890024774       -2.26297079431971       -1.01410684189846
O           -1.86275719803625       -2.37570307340582       -1.42087590888864
H            3.37180708963949       -1.34602167490243       -0.44215380603985
H            4.35706076689879       -0.13850215419417        0.42704457970128
H            3.63388747612811        0.24029745777077       -1.16597866509283
H            0.44586494054228        2.33668977328371        0.85996950491322
H           -1.88403045857856        2.88479691468437        1.45590311233957
H           -3.70482328486013        1.31029454748382        0.90842553488302
H           -3.18389867358819       -0.82367051147702       -0.22052968229823
H           -1.61011149827158       -3.22829706386475       -1.80792924779532
21
 energy: -39.629066395161 gnorm: 0.002246586334 xtb: 6.6.0 (conda-forge)
C            3.49916458318589       -0.28334392703133       -0.22483974590208
C            2.25227332813156        0.19824052003430        0.45911205926074
O            2.15995862847346        0.55639790247879        1.59928013653157
O            1.21902697837936        0.14349061979091       -0.40735277442463
C           -0.06073187456224        0.45058486560494       -0.00500286877315
C           -0.35300161775593        1.65011023758714        0.62773361278969
C           -1.66210063041990        1.95229946263686        0.95811418101921
C           -2.68472753170057        1.07015877241526        0.64790646810909
C           -2.39862607001742       -0.12383100442553        0.01532849920821
C           -1.08560305871252       -0.45598379198689       -0.31133253235295
C           -0.76900607133290       -1.76189577569872       -0.93499615318503
O            0.32065901852312       -2.26820065105881       -1.00566863276689
O           -1.86265705259313       -2.37576878376198       -1.42044835687300
H            3.36953541364810       -1.33786833496097       -0.45790516445430
H            4.35520380758825       -0.14720021377838        0.42684955754471
H            3.63912472025781        0.25345355648787       -1.15893715523576
H            0.44747015768828        2.33388017204395        0.86151731698167
H           -1.88361366777898        2.88386023181967        1.45636774269099
H           -3.70458137581188        1.31337079440427        0.90377630874429
H           -3.18522201700924       -0.82149971297606       -0.22483523547445
H           -1.61244566818100       -3.23015493962546       -1.80486726343756
21
 energy: -39.629078084010 gnorm: 0.001220371015 xtb: 6.6.0 (conda-forge)
C            3.49996707893879       -0.28081309818840       -0.22608687537043
C            2.25370990208943        0.19935167888995        0.45918617024519
O            2.16328291524319        0.56194823004473        1.59828283478230
O            1.21898219029154        0.13978046956900       -0.40485110644495
C           -0.06040342931500        0.44827223553057       -0.00337265740501
C           -0.35275086968947        1.64825876253098        0.62884205815093
C           -1.66201583795036        1.95202795161746        0.95673837592457
C           -2.68524492964473        1.07121613168545        0.64437161252185
C           -2.39905026500280       -0.12366180844456        0.01366270380880
C           -1.08562493615276       -0.45767710036781       -0.30993475137497
C           -0.77044465303457       -1.76506319636361       -0.93115624181220
O            0.31966583118943       -2.27169199081096       -1.00272499520494
O           -1.86467699228507       -2.37923944388915       -1.41406618398924
H            3.35850364681914       -1.32706302952349       -0.49163114012628
H            4.35332134984086       -0.17335791830411        0.43652867364682
H            3.65508858751818        0.28089566702600       -1.14436026893781
H            0.44788236148214        2.33139931407861        0.86387250541375
H           -1.88329325241912        2.88388127444300        1.45456238211032
H           -3.70546536315027        1.31631635078912        0.89692348381129
H           -3.18615029292166       -0.82028208509405       -0.22763538794777
H           -1.61518304184677       -3.23439839521887       -1.79735119180185
21
 energy: -39.629081805331 gnorm: 0.002763617820 xtb: 6.6.0 (conda-forge)
C            3.50204401759513       -0.27664029516315       -0.22794872874812
C            2.25542374804193        0.19953829166970        0.45814702166021
O            2.16629431614483        0.56513362449666        1.59660806290368
O            1.21914197301519        0.13540984465781       -0.40321748606549
C           -0.05975120089321        0.44510967704985       -0.00182725224881
C           -0.35231293446583        1.64537656541160        0.63008324331473
C           -1.66174254645402        1.95166652966530        0.95484806997619
C           -2.68606892247365        1.07299120415296        0.63978433088110
C           -2.39958622518727       -0.12299875851478        0.01141245272928
C           -1.08579525401745       -0.45952055025679       -0.30858253352445
C           -0.77383426253256       -1.76975885448937       -0.92571393507831
O            0.31575895075760       -2.27948156837330       -0.99278407562322
O           -1.86818059253302       -2.38230021203367       -1.40902858290328
H            3.34879840069269       -1.31111647897571       -0.53434525285153
H            4.35007715814051       -0.20361192495387        0.44816387635045
H            3.67665438212651        0.31627028385286       -1.12475235319015
H            0.44815855759484        2.32795456282488        0.86747809685192
H           -1.88168013355750        2.88409549489465        1.45226143651057
H           -3.70684099640783        1.32006789024896        0.88808218551018
H           -3.18732611589907       -0.81868763685919       -0.23021705233520
H           -1.61913231968767       -3.23939768930557       -1.78865152411940
21
 energy: -39.629088123729 gnorm: 0.001708363971 xtb: 6.6.0 (conda-forge)
C            3.50281538982994       -0.27623758637192       -0.22748834288302
C            2.25472264225430        0.19825604094588        0.45670149586479
O            2.16383429223681        0.56078540145244        1.59608148219098
O            1.21941211570938        0.13700659775329       -0.40593482895719
C           -0.05953383197016        0.44570985282601       -0.00332316250254
C           -0.35233089002986        1.64544844978519        0.62930630536760
C           -1.66160610189398        1.95159048932249        0.95515708826473
C           -2.68606146604363        1.07292268896589        0.64080395961828
C           -2.39926261828352       -0.12291024487886        0.01215895484502
C           -1.08570967839648       -0.45890436103611       -0.30914227897764
C           -0.77510514363555       -1.76986165640562       -0.92576270213666
O            0.31397593749880       -2.28162828554497       -0.98887332307285
O           -1.86892849636171       -2.38007964997555       -1.41288978161480
H            3.35527662953522       -1.31177019021940       -0.52603509588507
H            4.35026075931855       -0.19519106709575        0.44629725292938
H            3.67423944976835        0.30977847546842       -1.12712241141094
H            0.44758936799163        2.32861775777580        0.86705405012149
H           -1.88050546198467        2.88405727011255        1.45299953972957
H           -3.70688653023675        1.31914864699017        0.88957591096327
H           -3.18692720379244       -0.81906088944826       -0.22841561061244
H           -1.61916916151407       -3.23757774042188       -1.79134850184160
21
 energy: -39.629091578837 gnorm: 0.000688928280 xtb: 6.6.0 (conda-forge)
C            3.50291697958400       -0.27597748215816       -0.22786046227191
C            2.25418513434631        0.19737016590803        0.45705660394038
O            2.16296281463953        0.55957132544116        1.59644604725796
O            1.21902594847373        0.13593122636459       -0.40616636159362
C           -0.05997618157150        0.44537055903002       -0.00378336651897
C           -0.35202567544207        1.64554880535807        0.62809760127119
C           -1.66115664784546        1.95191432343469        0.95458430505863
C           -2.68577879930425        1.07317115371747        0.64134062163174
C           -2.39973060622366       -0.12280040096283        0.01248370259384
C           -1.08649894568245       -0.45906207677411       -0.30951908410720
C           -0.77497925109675       -1.76998221253253       -0.92563315242735
O            0.31338308856694       -2.28218130159563       -0.98625208676929
O           -1.86840786718410       -2.38049409874161       -1.41391687545032
H            3.35460165176068       -1.31004763831598       -0.53143184540638
H            4.34809164384019       -0.19841628094890        0.44828074171244
H            3.67739148249853        0.31528008251516       -1.12375439217488
H            0.44826216916374        2.32849764858614        0.86515836381014
H           -1.87979458860489        2.88459306290127        1.45207563532010
H           -3.70628922767223        1.31933383321261        0.89141553056663
H           -3.18752016137964       -0.81889184425217       -0.22817582953533
H           -1.61856296086652       -3.23862885018745       -1.79064569690745
